command: mlSettings abortError:1 minImprovementPerRound:0.01 numberOfRounds:5 withHierarchy:False
command: vm /Users/jula/Github/Cross_ML/Code/var.xml
command: all /Users/jula/Github/Cross_ML/Code/meas.xml
Configs with too large deviation: 0
192 configurations loaded.
command: nfp Measured Value
command: negfw
command: featureWise
command: allBinary
command: start
Learning: NumberOfConfigurationsLearning:192 NumberOfConfigurationsValidation:192
Learning progress:
1;1409.6875 * root + 35.9375000000005 * followsymlinks;30.2327606194552;30.2327606194552;30.2327606194552;30.2327606194552;0.050727;2;35.9375000000005 * followsymlinks;1;1.79769313486232E+308;
2;1069.21875 * root + 35.9375000000007 * followsymlinks + 680.937500000001 * keepalive;18.4406738660876;18.4406738660876;18.4406738660876;18.4406738660876;0.084762;3;680.937500000001 * keepalive;1;11.7920867533676;
3;1069.21875 * root + 35.9374999999978 * followsymlinks + 965.000000000001 * keepalive + -852.1875 * keepalive * handle;10.0973187575276;10.0973187575276;10.0973187575276;10.0973187575276;0.139903;5;-852.1875 * keepalive * handle;2;4.17167755428;
4;1153.125 * root + 35.9375000000003 * followsymlinks + 964.999999999999 * keepalive + -852.187499999999 * keepalive * handle + -167.8125 * hostnamelookups;7.94596028745791;7.94596028745791;7.94596028745791;7.94596028745791;0.223572;6;-167.8125 * hostnamelookups;1;2.15135847006971;
5;1226.71875 * root + 35.9375000000012 * followsymlinks + 965 * keepalive + -852.187499999999 * keepalive * handle + -167.812499999998 * hostnamelookups + -147.187499999999 * accesslog;7.02223496400473;7.02223496400473;7.02223496400473;7.02223496400473;0.343618;7;-147.187499999999 * accesslog;1;0.923725323453176;
Elapsed=00:00:00.3491249
Average model: 
Error :100
Finished
command: analyze-learning
Round, Model, LearningError, LearningErrorRel, ValidationError, ValidationErrorRel, ElapsedSeconds, ModelComplexity, BestCandidate, BestCandidateSize, BestCandidateScore, TestError
Models:
Termination reason: numberOfRounds
1;1409.6875 * root + 35.9375000000005 * followsymlinks;30.2327606194552;30.2327606194552;30.2327606194552;30.2327606194552;0.050727;2;35.9375000000005 * followsymlinks;1;1.79769313486232E+308;30.2327606194552
2;1069.21875 * root + 35.9375000000007 * followsymlinks + 680.937500000001 * keepalive;18.4406738660876;18.4406738660876;18.4406738660876;18.4406738660876;0.084762;3;680.937500000001 * keepalive;1;11.7920867533676;18.4406738660876
3;1069.21875 * root + 35.9374999999978 * followsymlinks + 965.000000000001 * keepalive + -852.1875 * keepalive * handle;10.0973187575276;10.0973187575276;10.0973187575276;10.0973187575276;0.139903;5;-852.1875 * keepalive * handle;2;4.17167755428;10.0973187575276
4;1153.125 * root + 35.9375000000003 * followsymlinks + 964.999999999999 * keepalive + -852.187499999999 * keepalive * handle + -167.8125 * hostnamelookups;7.94596028745791;7.94596028745791;7.94596028745791;7.94596028745791;0.223572;6;-167.8125 * hostnamelookups;1;2.15135847006971;7.94596028745791
5;1226.71875 * root + 35.9375000000012 * followsymlinks + 965 * keepalive + -852.187499999999 * keepalive * handle + -167.812499999998 * hostnamelookups + -147.187499999999 * accesslog;7.02223496400473;7.02223496400473;7.02223496400473;7.02223496400473;0.343618;7;-147.187499999999 * accesslog;1;0.923725323453176;7.02223496400473
Analyze finished
command: clean-sampling
