command: mlSettings abortError:1 minImprovementPerRound:0.1 numberOfRounds:11 withHierarchy:False
command: vm /Users/jula/Github/Cross_ML/Code/var.xml
command: all /Users/jula/Github/Cross_ML/Code/meas.xml
Configs with too large deviation: 0
192 configurations loaded.
command: nfp Measured Value
command: allBinary
command: start
Learning: NumberOfConfigurationsLearning:192 NumberOfConfigurationsValidation:192
Learning progress:
1;1409.6875 * root + 35.9374999999997 * followsymlinks;30.2327606194553;30.2327606194553;30.2327606194553;30.2327606194553;0.053847;2;35.9374999999997 * followsymlinks;1;1.79769313486232E+308;
2;1069.21875 * root + 35.9374999999999 * followsymlinks + 680.9375 * keepalive;18.4406738660876;18.4406738660876;18.4406738660876;18.4406738660876;0.087585;3;680.9375 * keepalive;1;11.7920867533676;
3;1069.21875 * root + 35.9375000000015 * followsymlinks + 964.999999999997 * keepalive + -852.187499999996 * keepalive * handle;10.0973187575276;10.0973187575276;10.0973187575276;10.0973187575276;0.149971;5;-852.187499999996 * keepalive * handle;2;4.17167755428;
4;1153.125 * root + 35.9374999999992 * followsymlinks + 964.999999999999 * keepalive + -852.1875 * keepalive * handle + -167.8125 * hostnamelookups;7.94596028745789;7.94596028745789;7.94596028745789;7.94596028745789;0.22825;6;-167.8125 * hostnamelookups;1;2.15135847006973;
5;1226.71875 * root + 35.9375000000002 * followsymlinks + 964.999999999999 * keepalive + -852.1875 * keepalive * handle + -167.8125 * hostnamelookups + -147.1875 * accesslog;7.02223496400474;7.02223496400474;7.02223496400474;7.02223496400474;0.355714;7;-147.1875 * accesslog;1;0.923725323453146;
6;1169.04017857143 * root + 35.9374999999998 * followsymlinks + 936.160714285715 * keepalive + -765.669642857144 * keepalive * handle + -167.8125 * hostnamelookups + -147.187500000001 * accesslog + 173.035714285714 * inmemory;5.7938985155787;5.7938985155787;5.7938985155787;5.7938985155787;0.515248;8;173.035714285714 * inmemory;1;1.22833644842604;
7;1204.82142857143 * root + 35.9375000000001 * followsymlinks + 936.160714285712 * keepalive + -765.669642857142 * keepalive * handle + -167.8125 * hostnamelookups + -147.1875 * accesslog + 173.035714285714 * inmemory + -71.5625000000003 * extendedstatus;5.38590894222439;5.38590894222439;5.38590894222439;5.38590894222439;0.744529;9;-71.5625000000003 * extendedstatus;1;0.407989573354308;
8;1187.71205357143 * root + 35.9374999999998 * followsymlinks + 936.160714285714 * keepalive + -765.669642857142 * keepalive * handle + -167.8125 * hostnamelookups + -112.96875 * accesslog + 224.363839285714 * inmemory + -71.5625000000002 * extendedstatus + -102.65625 * inmemory * accesslog;5.03334703626684;5.03334703626684;5.03334703626684;5.03334703626684;1.038666;11;-102.65625 * inmemory * accesslog;2;0.176280952978774;
9;1168.80580357143 * root + 35.9375000000002 * followsymlinks + 936.160714285713 * keepalive + -765.669642857143 * keepalive * handle + -167.8125 * hostnamelookups + -112.968749999999 * accesslog + 224.363839285713 * inmemory + -71.5625000000004 * extendedstatus + -102.65625 * inmemory * accesslog + 37.8124999999998 * enablesendfile;4.89217831323875;4.89217831323875;4.89217831323875;4.89217831323875;1.395097;12;37.8124999999998 * enablesendfile;1;0.141168723028091;
10;1184.609375 * root + 35.9375000000002 * followsymlinks + 888.749999999999 * keepalive + -734.0625 * keepalive * handle + -167.8125 * hostnamelookups + -112.96875 * accesslog + 176.953125 * inmemory + -71.5624999999996 * extendedstatus + -102.65625 * inmemory * accesslog + 37.8125000000002 * enablesendfile + 110.625000000001 * keepalive * inmemory;4.75867357797719;4.75867357797719;4.75867357797719;4.75867357797719;1.823781;14;110.625000000001 * keepalive * inmemory;2;0.0667523676307793;
Elapsed=00:00:01.8305880
Average model: 
Error :100
Finished
command: analyze-learning
Round, Model, LearningError, LearningErrorRel, ValidationError, ValidationErrorRel, ElapsedSeconds, ModelComplexity, BestCandidate, BestCandidateSize, BestCandidateScore, TestError
Models:
Termination reason: minImprovementPerRound
1;1409.6875 * root + 35.9374999999997 * followsymlinks;30.2327606194553;30.2327606194553;30.2327606194553;30.2327606194553;0.053847;2;35.9374999999997 * followsymlinks;1;1.79769313486232E+308;30.2327606194552
2;1069.21875 * root + 35.9374999999999 * followsymlinks + 680.9375 * keepalive;18.4406738660876;18.4406738660876;18.4406738660876;18.4406738660876;0.087585;3;680.9375 * keepalive;1;11.7920867533676;18.4406738660876
3;1069.21875 * root + 35.9375000000015 * followsymlinks + 964.999999999997 * keepalive + -852.187499999996 * keepalive * handle;10.0973187575276;10.0973187575276;10.0973187575276;10.0973187575276;0.149971;5;-852.187499999996 * keepalive * handle;2;4.17167755428;10.0973187575276
4;1153.125 * root + 35.9374999999992 * followsymlinks + 964.999999999999 * keepalive + -852.1875 * keepalive * handle + -167.8125 * hostnamelookups;7.94596028745789;7.94596028745789;7.94596028745789;7.94596028745789;0.22825;6;-167.8125 * hostnamelookups;1;2.15135847006973;7.94596028745789
5;1226.71875 * root + 35.9375000000002 * followsymlinks + 964.999999999999 * keepalive + -852.1875 * keepalive * handle + -167.8125 * hostnamelookups + -147.1875 * accesslog;7.02223496400474;7.02223496400474;7.02223496400474;7.02223496400474;0.355714;7;-147.1875 * accesslog;1;0.923725323453146;7.02223496400474
6;1169.04017857143 * root + 35.9374999999998 * followsymlinks + 936.160714285715 * keepalive + -765.669642857144 * keepalive * handle + -167.8125 * hostnamelookups + -147.187500000001 * accesslog + 173.035714285714 * inmemory;5.7938985155787;5.7938985155787;5.7938985155787;5.7938985155787;0.515248;8;173.035714285714 * inmemory;1;1.22833644842604;5.7938985155787
7;1204.82142857143 * root + 35.9375000000001 * followsymlinks + 936.160714285712 * keepalive + -765.669642857142 * keepalive * handle + -167.8125 * hostnamelookups + -147.1875 * accesslog + 173.035714285714 * inmemory + -71.5625000000003 * extendedstatus;5.38590894222439;5.38590894222439;5.38590894222439;5.38590894222439;0.744529;9;-71.5625000000003 * extendedstatus;1;0.407989573354308;5.38590894222439
8;1187.71205357143 * root + 35.9374999999998 * followsymlinks + 936.160714285714 * keepalive + -765.669642857142 * keepalive * handle + -167.8125 * hostnamelookups + -112.96875 * accesslog + 224.363839285714 * inmemory + -71.5625000000002 * extendedstatus + -102.65625 * inmemory * accesslog;5.03334703626684;5.03334703626684;5.03334703626684;5.03334703626684;1.038666;11;-102.65625 * inmemory * accesslog;2;0.176280952978774;5.03334703626684
9;1168.80580357143 * root + 35.9375000000002 * followsymlinks + 936.160714285713 * keepalive + -765.669642857143 * keepalive * handle + -167.8125 * hostnamelookups + -112.968749999999 * accesslog + 224.363839285713 * inmemory + -71.5625000000004 * extendedstatus + -102.65625 * inmemory * accesslog + 37.8124999999998 * enablesendfile;4.89217831323875;4.89217831323875;4.89217831323875;4.89217831323875;1.395097;12;37.8124999999998 * enablesendfile;1;0.141168723028091;4.89217831323875
10;1184.609375 * root + 35.9375000000002 * followsymlinks + 888.749999999999 * keepalive + -734.0625 * keepalive * handle + -167.8125 * hostnamelookups + -112.96875 * accesslog + 176.953125 * inmemory + -71.5624999999996 * extendedstatus + -102.65625 * inmemory * accesslog + 37.8125000000002 * enablesendfile + 110.625000000001 * keepalive * inmemory;4.75867357797719;4.75867357797719;4.75867357797719;4.75867357797719;1.823781;14;110.625000000001 * keepalive * inmemory;2;0.0667523676307793;4.75867357797719
Analyze finished
command: clean-sampling
